3130421 8 0 0
1913902 32 0 1
2573795 10 0 2
3106684 16 0 3
2428419 22 0 4
2428485 3 0 5
1913958 32 0 6
2428419 8 0 7
2573808 1 0 8
3099261 8 0 9
1913934 24 0 10
2428427 8 0 11
3106700 32 0 12
1913990 6 0 13
1936356 32 0 14
2101133 4 0 15
2121032 4 0 16
3074241 8 0 17
1591089 59 0 18
1936289 8 0 19
2116173 8 0 20
3074249 16 0 21
1591193 3 0 22
1936297 120 0 23
2121036 15 0 24
2105831 18 0 25
2110494 18 0 26
2116168 5 0 27
3071608 8 0 28
1591081 8 0 29
1936417 32 0 30
2116181 5 0 31
2116981 3 0 32
3071616 40 0 33
1913761 61 0 34
2771808 8 0 35
1936161 8 0 36
3013330 8 0 37
1012577 8 0 38
3073363 8 0 39
2786968 8 0 40
1012591 4 0 41
1913996 1 0 42
2771800 8 0 43
3073371 8 0 44
1913577 64 0 45
1101787 4 0 46
1101816 4 0 47
3106740 8 0 48
2429437 14 0 49
2427569 32 0 50
2786896 8 0 51
1597473 8 0 52
815521 8 0 53
1360233 46 0 54
2429437 8 0 55
2572129 8 0 56
3106748 8 0 57
815533 2 0 58
1360295 1 0 59
1597481 120 0 60
2429445 6 0 61
2427569 26 0 62
2572146 4 0 63
815536 1 0 64
3106756 16 0 65
2770760 8 0 66
1597601 2 0 67
2572385 8 0 68
3125264 8 0 69
1049185 8 0 70
3101067 8 0 71
2428409 10 0 72
815529 4 0 73
1362730 25 0 74
1597473 8 0 75
2428409 8 0 76
2572473 5 0 77
3101075 16 0 78
815535 1 0 79
1914017 8 0 80
1597532 61 0 81
1914323 32 0 82
2572411 62 0 83
3101091 8 0 84
1364321 8 0 85
1597476 56 0 86
1914299 24 0 87
2572478 7 0 88
3101099 16 0 89
1364374 10 0 90
1597593 1 0 91
2572387 24 0 92
1914371 32 0 93
3068982 8 0 94
1012596 1 0 95
1936165 32 0 96
1914483 29 0 97
2572131 15 0 98
3069006 8 0 99
1012585 6 0 100
1364329 45 0 101
1914355 16 0 102
1936213 32 0 103
2572150 1 0 104
3069014 24 0 105
1012595 1 0 106
1364384 6 0 107
1914451 32 0 108
1936161 8 0 109
3076047 8 0 110
822889 62 0 111
1100169 8 0 112
1914419 32 0 113
1936169 78 0 114
3100827 8 0 115
822965 2 0 116
2787552 8 0 117
1356396 32 0 118
1914403 16 0 119
2555553 8 0 120
3100835 16 0 121
2778648 8 0 122
1067113 8 0 123
1914241 58 0 124
2095939 2 0 125
2095995 1 0 126
2562660 12 0 127
3062931 8 0 128
1914512 1 0 129
2555617 8 0 130
3071592 8 0 131
1914025 64 0 132
2555634 3 0 133
3071600 8 0 134
1049201 48 0 135
1362721 9 0 136
2555619 15 0 137
184020 8 0 138
1362755 1 0 139
2555637 1 0 140
3011975 8 0 141
2555638 32 0 142
1914089 64 0 143
3095376 8 0 144
1914513 32 0 145
2562676 32 0 146
3095384 16 0 147
1914545 29 0 148
2562603 57 0 149
3068974 8 0 150
1362757 32 0 151
2562672 4 0 152
3068839 8 0 153
1362789 9 0 154
2555563 54 0 155
2562593 10 0 156
3068847 24 0 157
1362756 1 0 158
2555555 8 0 159
3073482 8 0 160
1913697 64 0 161
2566945 8 0 162
3073490 16 0 163
2566960 1 0 164
2566947 8 0 165
3068628 8 0 166
2566955 2 0 167
2566957 1 0 168
2556897 8 0 169
3074305 8 0 170
2564675 9 0 171
3094845 8 0 172
2556899 62 0 173
2564577 2 0 174
3094853 14 0 175
3095374 2 0 176
2564579 64 0 177
3013726 8 0 178
2564643 10 0 179
4620968 8 0 180
2564653 9 0 181
2564662 6 0 182
3007724 8 0 183
2786776 8 0 184
3007732 8 0 185
2555937 8 0 186
2800907 8 0 187
2555967 2 0 188
5546465 8 0 189
2555939 21 0 190
5570078 18 0 191
2555960 4 0 192
2555964 1 0 193
5569946 57 0 194
5570096 22 0 195
2555873 8 0 196
5546467 64 0 197
2555886 1 0 198
5547242 64 0 199
2555875 4 0 200
5569722 64 0 201
2555879 2 0 202
2555881 1 0 203
2555882 4 0 204
2786816 8 0 205
5546611 12 0 206
5547174 52 0 207
2557281 8 0 208
5570019 59 0 209
2557308 2 0 210
5547226 16 0 211
2557283 17 0 212
5547322 35 0 213
5569661 29 0 214
2557300 3 0 215
5547306 16 0 216
2557303 1 0 217
2557304 4 0 218
2786824 8 0 219
3073347 16 0 220
2566753 8 0 221
5546531 64 0 222
2566784 2 0 223
5569882 64 0 224
2566755 21 0 225
5569690 32 0 226
2566776 3 0 227
5546595 16 0 228
2566779 1 0 229
5569794 64 0 230
2566780 4 0 231
5569858 24 0 232
2566497 8 0 233
5569786 8 0 234
2566570 1 0 235
5570003 16 0 236
2566499 9 0 237
3106772 8 0 238
2566511 2 0 239
3106780 2 0 240
3101037 14 0 241
2566508 3 0 242
2787024 8 0 243
3068644 8 0 244
3068652 16 0 245
3074337 8 0 246
6077572 3 0 247
6077556 16 0 248
3074345 2 0 249
3073420 14 0 250
3063521 8 0 251
2623265 8 0 252
3073434 16 0 253
2623273 5 0 254
6077412 8 0 255
3068668 8 0 256
3074225 8 0 257
3074233 8 0 258
3073506 8 0 259
2572577 8 0 260
7324440 1 0 261
2572722 10 0 262
7324432 8 0 263
2572659 63 0 264
7324200 8 0 265
2572732 3 0 266
2572595 64 0 267
3095506 1 0 268
3099513 7 0 269
2572579 16 0 270
3101051 8 0 271
2572735 12 0 272
2786920 8 0 273
7324208 24 0 274
2573217 8 0 275
7324232 24 0 276
2573236 3 0 277
3075970 16 0 278
2573219 17 0 279
3076055 8 0 280
2573239 9 0 281
3076063 14 0 282
3063026 10 0 283
2786912 8 0 284
3012149 8 0 285
2572833 8 0 286
3011771 2 0 287
3011831 6 0 288
2572861 4 0 289
3106668 8 0 290
2572769 8 0 291
3106732 8 0 292
2572782 1 0 293
2572771 8 0 294
149543 8 0 295
2572779 2 0 296
2572781 1 0 297
2572835 26 0 298
3099471 8 0 299
2572865 2 0 300
1560385 55 0 301
3099479 6 0 302
3112291 2 0 303
2770456 8 0 304
3112293 16 0 305
1082017 50 0 306
3099269 40 0 307
1100041 8 0 308
3076031 8 0 309
2770224 8 0 310
3076039 8 0 311
1127265 8 0 312
3094821 8 0 313
1127276 2 0 314
1127273 3 0 315
3068950 8 0 316
3068958 16 0 317
1127278 1 0 318
3094837 8 0 319
3075986 8 0 320
4621120 4 0 321
4621112 8 0 322
4620984 8 0 323
4621104 8 0 324
4620992 16 0 325
5925119 8 0 326
4620976 8 0 327
7324360 8 0 328
7324368 16 0 329
7324416 8 0 330
7324424 8 0 331
3068998 8 0 332
7324392 8 0 333
7324336 8 0 334
7324344 16 0 335
3068990 8 0 336
3069038 4 0 337
3070772 4 0 338
3070776 16 0 339
7324384 8 0 340
1068577 8 0 341
3070808 8 0 342
1068613 12 0 343
1068637 2 0 344
1068585 28 0 345
7324256 24 0 346
1068625 12 0 347
7324328 8 0 348
7324400 16 0 349
2770984 8 0 350
3072759 8 0 351
1379937 8 0 352
3072767 16 0 353
1379984 5 0 354
815841 8 0 355
3072783 5 0 356
3063153 27 0 357
815877 7 0 358
815849 28 0 359
815884 1 0 360
1379945 39 0 361
3073514 19 0 362
3075191 5 0 363
1379997 32 0 364
3063577 2 0 365
3071546 6 0 366
2573153 8 0 367
2573207 4 0 368
2573155 31 0 369
3071721 16 0 370
2573186 6 0 371
2573192 8 0 372
2572897 8 0 373
7324296 8 0 374
2572987 4 0 375
7324304 24 0 376
2572899 64 0 377
2572963 4 0 378
2572967 6 0 379
2572973 2 0 380
9454432 8 0 381
9454440 8 0 382
9454448 8 0 383
9454456 8 0 384
9454464 8 0 385
9454472 8 0 386
9454480 8 0 387
9454488 8 0 388
9454496 8 0 389
9454504 8 0 390
9454512 8 0 391
9454520 8 0 392
9454528 8 0 393
9454536 8 0 394
9454544 8 0 395
9454552 8 0 396
9454560 8 0 397
9454568 8 0 398
9454576 8 0 399
9454584 8 0 400
9454592 8 0 401
9454600 8 0 402
9454608 8 0 403
9454616 8 0 404
9454624 1 0 405
3071568 8 0 406
2573281 8 0 407
2573308 2 0 408
2573283 10 0 409
2573293 3 0 410
2573296 9 0 411
2573025 8 0 412
2573053 1 0 413
2573027 10 0 414
2573037 3 0 415
2573040 1 0 416
2786928 8 0 417
3063180 8 0 418
2573473 8 0 419
3063188 16 0 420
2573503 3 0 421
2573475 22 0 422
3101059 8 0 423
2573497 3 0 424
2573500 1 0 425
2573501 2 0 426
2573409 8 0 427
3072711 8 0 428
2573425 1 0 429
2573411 8 0 430
3068356 8 0 431
2573421 1 0 432
3068364 14 0 433
3068789 2 0 434
2573419 2 0 435
2573089 8 0 436
3072703 8 0 437
2573150 3 0 438
3070840 8 0 439
2573091 43 0 440
3070848 17 0 441
3072696 7 0 442
2573134 7 0 443
2573141 8 0 444
2573149 1 0 445
2573345 8 0 446
2573377 3 0 447
2573347 21 0 448
3070865 8 0 449
2573368 3 0 450
2573371 3 0 451
2573374 3 0 452
2572867 12 0 453
6029465 8 0 454
2572975 12 0